<?xml version="1.0" encoding="UTF-8" ?>
<testsuite tests="1" failures="0" name="Test" time="4.809" errors="0" skipped="0">
  <properties>
    <property name="idea.version" value="2021.1.1"/>
    <property name="java.runtime.name" value="Java(TM) SE Runtime Environment"/>
    <property name="sun.boot.library.path" value="F:\Java\JDk_1.8\jre\bin"/>
    <property name="java.vm.version" value="25.241-b07"/>
    <property name="java.vm.vendor" value="Oracle Corporation"/>
    <property name="maven.multiModuleProjectDirectory" value="E:\IDEA\JAVA_project\image_Framework\SSM\ssmbuild"/>
    <property name="java.vendor.url" value="http://java.oracle.com/"/>
    <property name="path.separator" value=";"/>
    <property name="guice.disable.misplaced.annotation.check" value="true"/>
    <property name="java.vm.name" value="Java HotSpot(TM) 64-Bit Server VM"/>
    <property name="file.encoding.pkg" value="sun.io"/>
    <property name="user.script" value=""/>
    <property name="user.country" value="CN"/>
    <property name="sun.java.launcher" value="SUN_STANDARD"/>
    <property name="sun.os.patch.level" value=""/>
    <property name="java.vm.specification.name" value="Java Virtual Machine Specification"/>
    <property name="user.dir" value="E:\IDEA\JAVA_project\image_Framework\SSM\ssmbuild"/>
    <property name="java.runtime.version" value="1.8.0_241-b07"/>
    <property name="java.awt.graphicsenv" value="sun.awt.Win32GraphicsEnvironment"/>
    <property name="java.endorsed.dirs" value="F:\Java\JDk_1.8\jre\lib\endorsed"/>
    <property name="os.arch" value="amd64"/>
    <property name="java.io.tmpdir" value="C:\Users\SCRAPI~1\AppData\Local\Temp\"/>
    <property name="line.separator" value="
"/>
    <property name="java.vm.specification.vendor" value="Oracle Corporation"/>
    <property name="user.variant" value=""/>
    <property name="os.name" value="Windows 10"/>
    <property name="maven.ext.class.path" value="F:\JetBrains\IntelliJ IDEA 2021.1.1\plugins\maven\lib\maven-event-listener.jar"/>
    <property name="classworlds.conf" value="F:\JavaCodeMTools\Mevan\apache-maven-3.8.1\bin\m2.conf"/>
    <property name="sun.jnu.encoding" value="GBK"/>
    <property name="java.library.path" value="F:\Java\JDk_1.8\bin;C:\WINDOWS\Sun\Java\bin;C:\WINDOWS\system32;C:\WINDOWS;F:\Oracle\app\oracle\product\11.2.0\server\bin;;F:\Python\Python3.8.5\Scripts\;F:\Python\Python3.8.5\;JAVA_HOME%\bin;F:\Java\JDk_1.8\jre\bin;C:\Program Files (x86)\Common Files\Intel\Shared Libraries\redist\intel64\compiler;C:\WINDOWS\system32;C:\WINDOWS;C:\WINDOWS\System32\Wbem;C:\WINDOWS\System32\WindowsPowerShell\v1.0\;C:\WINDOWS\System32\OpenSSH\;C:\Program Files (x86)\Microsoft Visual Studio 9.0\Common7\IDE\PrivateAssemblies\;C:\mingw64\bin;C:\Program Files\MySQL\MySQL Server 8.0\bin;F:\JavaCodeMTools\Mevan\apache-maven-3.8.1\bin;C:\Program Files\MySQL\MySQL Server 8.0\bin;F:\PHP\AppServ\php7;F:\JavaCodeMTools\Gradle\gradle-6.7.1\bin;F:\Go\bin;C:\Program Files (x86)\dotnet\;F:\Git\cmd;F:\Personal_Xshell_Xftp\Xshell-7.0.0065\;F:\Personal_Xshell_Xftp\Xftp-7.0.0063\;F:\PowerShell\7\;F:\Python\Scripts\;F:\Python\;C:\Users\Scrap image\AppData\Local\Microsoft\WindowsApps;F:\JetBrains\IntelliJ IDEA 2021.1.1\bin;;F:\VS Code\Microsoft VS Code\bin;F:\WebStorm 2019.3.3\bin;;F:\DataGrip 2020.2.2\bin;;F:\PHP\Apache24;F:\PHP\PHP7.4.12;F:\PHP\PHP7.4.12\ext;F:\PHP\Apache24\bin;F:\PHP\AppServ\Apache24\bin;F:\PHP\AppServ\php7;C:\Users\Scrap image\AppData\Roaming\Composer\vendor\bin;C:\Users\Scrap image\go\bin;F:\anaconda3\Scripts;F:\Microsoft VS Code Insiders\bin;F:\redis;;."/>
    <property name="maven.conf" value="F:\JavaCodeMTools\Mevan\apache-maven-3.8.1/conf"/>
    <property name="java.specification.name" value="Java Platform API Specification"/>
    <property name="java.class.version" value="52.0"/>
    <property name="sun.management.compiler" value="HotSpot 64-Bit Tiered Compilers"/>
    <property name="maven.repo.local" value="F:\JavaCodeMTools\Mevan\Im_age"/>
    <property name="os.version" value="10.0"/>
    <property name="user.home" value="C:\Users\Scrap image"/>
    <property name="user.timezone" value="Asia/Shanghai"/>
    <property name="java.awt.printerjob" value="sun.awt.windows.WPrinterJob"/>
    <property name="java.specification.version" value="1.8"/>
    <property name="file.encoding" value="UTF-8"/>
    <property name="user.name" value="Scrap image"/>
    <property name="java.class.path" value="F:\JavaCodeMTools\Mevan\apache-maven-3.8.1\boot\plexus-classworlds-2.6.0.jar;F:\JavaCodeMTools\Mevan\apache-maven-3.8.1\boot\plexus-classworlds.license;F:\JetBrains\IntelliJ IDEA 2021.1.1\lib\idea_rt.jar"/>
    <property name="java.vm.specification.version" value="1.8"/>
    <property name="sun.arch.data.model" value="64"/>
    <property name="java.home" value="F:\Java\JDk_1.8\jre"/>
    <property name="sun.java.command" value="org.codehaus.classworlds.Launcher -Didea.version=2021.1.1 --update-snapshots -s F:\JavaCodeMTools\Mevan\apache-maven-3.8.1\conf\settings.xml -Dmaven.repo.local=F:\JavaCodeMTools\Mevan\Im_age install"/>
    <property name="java.specification.vendor" value="Oracle Corporation"/>
    <property name="user.language" value="zh"/>
    <property name="awt.toolkit" value="sun.awt.windows.WToolkit"/>
    <property name="java.vm.info" value="mixed mode"/>
    <property name="java.version" value="1.8.0_241"/>
    <property name="java.ext.dirs" value="F:\Java\JDk_1.8\jre\lib\ext;C:\WINDOWS\Sun\Java\lib\ext"/>
    <property name="sun.boot.class.path" value="F:\Java\JDk_1.8\jre\lib\resources.jar;F:\Java\JDk_1.8\jre\lib\rt.jar;F:\Java\JDk_1.8\jre\lib\sunrsasign.jar;F:\Java\JDk_1.8\jre\lib\jsse.jar;F:\Java\JDk_1.8\jre\lib\jce.jar;F:\Java\JDk_1.8\jre\lib\charsets.jar;F:\Java\JDk_1.8\jre\lib\jfr.jar;F:\Java\JDk_1.8\jre\classes"/>
    <property name="java.vendor" value="Oracle Corporation"/>
    <property name="maven.home" value="F:\JavaCodeMTools\Mevan\apache-maven-3.8.1"/>
    <property name="file.separator" value="\"/>
    <property name="java.vendor.url.bug" value="http://bugreport.sun.com/bugreport/"/>
    <property name="sun.cpu.endian" value="little"/>
    <property name="sun.io.unicode.encoding" value="UnicodeLittle"/>
    <property name="sun.desktop" value="windows"/>
    <property name="sun.cpu.isalist" value="amd64"/>
  </properties>
  <testcase classname="Test" name="Test01" time="4.809"/>
</testsuite>